[2017-08-04 09:03:43] Cannot modify header information - headers already sent by (output started at D:\phpStudy\WWW\dh\view\error500.php:22) (D:\phpStudy\WWW\dh\base\CApplication.php:934)
Stack trace:
#0 D:\phpStudy\WWW\dh\Dh.php(145): CApplication->__construct()
#1 D:\phpStudy\WWW\dh\Dh.php(133): newApplication()
#2 D:\phpStudy\WWW\pufa\www\index.php(7): createApplication()
REQUEST_URI=/
[2017-08-04 09:03:43] syntax error, unexpected '|', expecting ')' (D:\phpStudy\WWW\dh\util\CFormat.php:950)
Stack trace:
#0 D:\phpStudy\WWW\dh\base\CApplication.php(233): CApplication->handleError()
#1 unknown(0): CApplication->handleFatal()
REQUEST_URI=/
[2017-08-04 13:08:32] Trying to get property of non-object (D:\phpStudy\WWW\pufa\app\view\pindex.php:9)
Stack trace:
#0 D:\phpStudy\WWW\pufa\app\controller\IndexController.php(20): IndexController->render()
#1 D:\phpStudy\WWW\dh\base\CController.php(96): IndexController->actionIndex()
#2 D:\phpStudy\WWW\dh\base\CApplication.php(919): IndexController->run()
#3 D:\phpStudy\WWW\dh\base\CApplication.php(812): CApplication->runController()
#4 D:\phpStudy\WWW\dh\base\CApplication.php(984): CApplication->processRequest()
#5 D:\phpStudy\WWW\pufa\www\index.php(7): CApplication->run()
REQUEST_URI=/
[2017-08-04 13:08:32] Undefined variable: is_join (D:\phpStudy\WWW\pufa\app\view\pindex.php:192)
Stack trace:
#0 D:\phpStudy\WWW\pufa\app\controller\IndexController.php(20): IndexController->render()
#1 D:\phpStudy\WWW\dh\base\CController.php(96): IndexController->actionIndex()
#2 D:\phpStudy\WWW\dh\base\CApplication.php(919): IndexController->run()
#3 D:\phpStudy\WWW\dh\base\CApplication.php(812): CApplication->runController()
#4 D:\phpStudy\WWW\dh\base\CApplication.php(984): CApplication->processRequest()
#5 D:\phpStudy\WWW\pufa\www\index.php(7): CApplication->run()
REQUEST_URI=/
[2017-08-04 13:08:32] Undefined variable: download (D:\phpStudy\WWW\pufa\app\view\pindex.php:192)
Stack trace:
#0 D:\phpStudy\WWW\pufa\app\controller\IndexController.php(20): IndexController->render()
#1 D:\phpStudy\WWW\dh\base\CController.php(96): IndexController->actionIndex()
#2 D:\phpStudy\WWW\dh\base\CApplication.php(919): IndexController->run()
#3 D:\phpStudy\WWW\dh\base\CApplication.php(812): CApplication->runController()
#4 D:\phpStudy\WWW\dh\base\CApplication.php(984): CApplication->processRequest()
#5 D:\phpStudy\WWW\pufa\www\index.php(7): CApplication->run()
REQUEST_URI=/
